<?xml version="1.0" encoding="UTF-8"?>
<!-- Generated by org.testng.reporters.JUnitXMLReporter -->
<testsuite ignored="0" hostname="DESKTOP-44D0AM0" failures="0" tests="3" name="Default test" time="23.988" errors="0" timestamp="2025-01-03T17:32:40 EST">
  <testcase classname="com.test.OrangeHRMTest" name="login" time="10.699"/>
  <testcase classname="com.test.OrangeHRMTest" name="testAdmin" time="6.596"/>
  <testcase classname="com.test.OrangeHRMTest" name="logout" time="6.625"/>
</testsuite> <!-- Default test -->
