<?xml version="1.0" encoding="UTF-8"?>
<!-- Generated by org.testng.reporters.JUnitXMLReporter -->
<testsuite ignored="1" hostname="DESKTOP-44D0AM0" failures="0" tests="6" name="Test" time="9.117" errors="0" timestamp="2025-01-05T16:57:54 EST">
  <testcase classname="com.orange.hrm.test.LoginTest" name="loginWithInValidUserNameAndvalidPassword" time="2.475"/>
  <testcase classname="com.orange.hrm.test.LoginTest" name="loginWithInvalidUserNameAndInvalidPassword" time="1.419"/>
  <testcase classname="com.orange.hrm.test.LoginTest" name="loginWithValidUserNameAndInvalidPassword" time="1.615"/>
  <testcase classname="com.orange.hrm.test.LoginTest" name="loginWithValidUserNameAndValidPassword" time="1.614"/>
  <testcase classname="com.orange.hrm.test.HomePageTest" name="adminLink" time="0.879"/>
  <testcase classname="com.orange.hrm.test.HomePageTest" name="logout" time="1.039"/>
  <testcase classname="com.orange.hrm.test.BaseTest" name="@BeforeSuite initDriver" time="0.0">
    <ignored/>
  </testcase> <!-- @BeforeSuite initDriver -->
</testsuite> <!-- Test -->
