<?xml version="1.0" encoding="UTF-8"?>
<!-- Generated by org.testng.reporters.JUnitXMLReporter -->
<testsuite ignored="0" hostname="DESKTOP-44D0AM0" failures="0" tests="3" name="OrangeHRMTest" time="13.286" errors="0" timestamp="2025-01-03T16:05:10 EST">
  <testcase classname="com.test.OrangeHRMTest" name="login" time="6.69"/>
  <testcase classname="com.test.OrangeHRMTest" name="testAdmin" time="3.628"/>
  <testcase classname="com.test.OrangeHRMTest" name="logout" time="2.908"/>
</testsuite> <!-- OrangeHRMTest -->
