<?xml version="1.0" encoding="UTF-8"?>
<testsuite xmlns:xsi="http://www.w3.org/2001/XMLSchema-instance" xsi:noNamespaceSchemaLocation="https://maven.apache.org/surefire/maven-surefire-plugin/xsd/surefire-test-report.xsd" version="3.0.2" name="TestSuite" time="13.966" tests="3" errors="0" skipped="0" failures="0">
  <properties>
[...]
</properties>
  <testcase name="login" classname="com.test.OrangeHRMTest" time="6.692">
    <system-out><![CDATA[inside OrangeHRM Class
inside login method
Launching OrangeHRM.com
entering username
entering password
clicking submit
]]></system-out>
    <system-err><![CDATA[SLF4J: Failed to load class "org.slf4j.impl.StaticLoggerBinder".
SLF4J: Defaulting to no-operation (NOP) logger implementation
SLF4J: See http://www.slf4j.org/codes.html#StaticLoggerBinder for further details.
]]></system-err>
  </testcase>
  <testcase name="testAdmin" classname="com.test.OrangeHRMTest" time="3.622">
    <system-out><![CDATA[inside test admin method
clicking Admin Tab
]]></system-out>
  </testcase>
  <testcase name="logout" classname="com.test.OrangeHRMTest" time="2.91">
    <system-out><![CDATA[inside logout method
clicking profile pic
clicked logout
]]></system-out>
  </testcase>
</testsuite>