<?xml version="1.0" encoding="UTF-8"?>
<testng-results ignored="0" total="3" passed="3" failed="0" skipped="0">
  <reporter-output>
  </reporter-output>
  <suite started-at="2025-01-03T16:04:57 EST" name="Suite" finished-at="2025-01-03T16:05:10 EST" duration-ms="13286">
    <groups>
    </groups>
    <test started-at="2025-01-03T16:04:57 EST" name="OrangeHRMTest" finished-at="2025-01-03T16:05:10 EST" duration-ms="13286">
      <class name="com.test.OrangeHRMTest">
        <test-method signature="login()[pri:1, instance:com.test.OrangeHRMTest@71809907]" started-at="2025-01-03T16:04:57 EST" name="login" finished-at="2025-01-03T16:05:04 EST" duration-ms="6690" status="PASS">
          <reporter-output>
          </reporter-output>
        </test-method> <!-- login -->
        <test-method signature="testAdmin()[pri:2, instance:com.test.OrangeHRMTest@71809907]" started-at="2025-01-03T16:05:04 EST" name="testAdmin" finished-at="2025-01-03T16:05:07 EST" duration-ms="3628" status="PASS">
          <reporter-output>
          </reporter-output>
        </test-method> <!-- testAdmin -->
        <test-method signature="logout()[pri:3, instance:com.test.OrangeHRMTest@71809907]" started-at="2025-01-03T16:05:07 EST" name="logout" finished-at="2025-01-03T16:05:10 EST" duration-ms="2908" status="PASS">
          <reporter-output>
          </reporter-output>
        </test-method> <!-- logout -->
      </class> <!-- com.test.OrangeHRMTest -->
    </test> <!-- OrangeHRMTest -->
  </suite> <!-- Suite -->
</testng-results>
