<?xml version="1.0" encoding="UTF-8"?>
<testng-results ignored="0" total="6" passed="6" failed="0" skipped="0">
  <reporter-output>
  </reporter-output>
  <suite started-at="2025-01-23T13:34:29 EST" name="Suite" finished-at="2025-01-23T13:34:38 EST" duration-ms="9086">
    <groups>
    </groups>
    <test started-at="2025-01-23T13:34:29 EST" name="Test" finished-at="2025-01-23T13:34:38 EST" duration-ms="9086">
      <class name="com.orange.hrm.test.LoginTest">
        <test-method is-config="true" signature="initDriver()[pri:0, instance:com.orange.hrm.test.LoginTest@7cc0cdad]" started-at="2025-01-23T13:34:22 EST" name="initDriver" finished-at="2025-01-23T13:34:29 EST" duration-ms="6977" status="PASS">
          <reporter-output>
          </reporter-output>
        </test-method> <!-- initDriver -->
        <test-method signature="loginWithInValidUserNameAndvalidPassword()[pri:0, instance:com.orange.hrm.test.LoginTest@7cc0cdad]" started-at="2025-01-23T13:34:29 EST" name="loginWithInValidUserNameAndvalidPassword" finished-at="2025-01-23T13:34:32 EST" duration-ms="2711" status="PASS">
          <reporter-output>
          </reporter-output>
        </test-method> <!-- loginWithInValidUserNameAndvalidPassword -->
        <test-method signature="loginWithInvalidUserNameAndInvalidPassword()[pri:0, instance:com.orange.hrm.test.LoginTest@7cc0cdad]" started-at="2025-01-23T13:34:32 EST" name="loginWithInvalidUserNameAndInvalidPassword" finished-at="2025-01-23T13:34:33 EST" duration-ms="1264" status="PASS">
          <reporter-output>
          </reporter-output>
        </test-method> <!-- loginWithInvalidUserNameAndInvalidPassword -->
        <test-method signature="loginWithValidUserNameAndInvalidPassword()[pri:0, instance:com.orange.hrm.test.LoginTest@7cc0cdad]" started-at="2025-01-23T13:34:33 EST" name="loginWithValidUserNameAndInvalidPassword" finished-at="2025-01-23T13:34:35 EST" duration-ms="1505" status="PASS">
          <reporter-output>
          </reporter-output>
        </test-method> <!-- loginWithValidUserNameAndInvalidPassword -->
        <test-method signature="loginWithValidUserNameAndValidPassword()[pri:0, instance:com.orange.hrm.test.LoginTest@7cc0cdad]" started-at="2025-01-23T13:34:35 EST" name="loginWithValidUserNameAndValidPassword" finished-at="2025-01-23T13:34:37 EST" duration-ms="1648" status="PASS">
          <reporter-output>
          </reporter-output>
        </test-method> <!-- loginWithValidUserNameAndValidPassword -->
      </class> <!-- com.orange.hrm.test.LoginTest -->
      <class name="com.orange.hrm.test.HomePageTest">
        <test-method signature="adminLink()[pri:0, instance:com.orange.hrm.test.HomePageTest@48f2bd5b]" started-at="2025-01-23T13:34:37 EST" name="adminLink" finished-at="2025-01-23T13:34:37 EST" duration-ms="872" status="PASS">
          <reporter-output>
          </reporter-output>
        </test-method> <!-- adminLink -->
        <test-method signature="logout()[pri:0, instance:com.orange.hrm.test.HomePageTest@48f2bd5b]" started-at="2025-01-23T13:34:37 EST" name="logout" finished-at="2025-01-23T13:34:38 EST" duration-ms="1016" status="PASS">
          <reporter-output>
          </reporter-output>
        </test-method> <!-- logout -->
      </class> <!-- com.orange.hrm.test.HomePageTest -->
    </test> <!-- Test -->
  </suite> <!-- Suite -->
</testng-results>
