<?xml version="1.0" encoding="UTF-8"?>
<testng-results ignored="0" total="6" passed="6" failed="0" skipped="0">
  <reporter-output>
  </reporter-output>
  <suite started-at="2025-01-05T16:57:44 EST" name="Suite" finished-at="2025-01-05T16:57:54 EST" duration-ms="9117">
    <groups>
    </groups>
    <test started-at="2025-01-05T16:57:44 EST" name="Test" finished-at="2025-01-05T16:57:54 EST" duration-ms="9117">
      <class name="com.orange.hrm.test.LoginTest">
        <test-method is-config="true" signature="initDriver()[pri:0, instance:com.orange.hrm.test.LoginTest@2de23121]" started-at="2025-01-05T16:57:38 EST" name="initDriver" finished-at="2025-01-05T16:57:44 EST" duration-ms="6608" status="PASS">
          <reporter-output>
          </reporter-output>
        </test-method> <!-- initDriver -->
        <test-method signature="loginWithInValidUserNameAndvalidPassword()[pri:0, instance:com.orange.hrm.test.LoginTest@2de23121]" started-at="2025-01-05T16:57:45 EST" name="loginWithInValidUserNameAndvalidPassword" finished-at="2025-01-05T16:57:47 EST" duration-ms="2475" status="PASS">
          <reporter-output>
          </reporter-output>
        </test-method> <!-- loginWithInValidUserNameAndvalidPassword -->
        <test-method signature="loginWithInvalidUserNameAndInvalidPassword()[pri:0, instance:com.orange.hrm.test.LoginTest@2de23121]" started-at="2025-01-05T16:57:47 EST" name="loginWithInvalidUserNameAndInvalidPassword" finished-at="2025-01-05T16:57:48 EST" duration-ms="1419" status="PASS">
          <reporter-output>
          </reporter-output>
        </test-method> <!-- loginWithInvalidUserNameAndInvalidPassword -->
        <test-method signature="loginWithValidUserNameAndInvalidPassword()[pri:0, instance:com.orange.hrm.test.LoginTest@2de23121]" started-at="2025-01-05T16:57:48 EST" name="loginWithValidUserNameAndInvalidPassword" finished-at="2025-01-05T16:57:50 EST" duration-ms="1615" status="PASS">
          <reporter-output>
          </reporter-output>
        </test-method> <!-- loginWithValidUserNameAndInvalidPassword -->
        <test-method signature="loginWithValidUserNameAndValidPassword()[pri:0, instance:com.orange.hrm.test.LoginTest@2de23121]" started-at="2025-01-05T16:57:50 EST" name="loginWithValidUserNameAndValidPassword" finished-at="2025-01-05T16:57:52 EST" duration-ms="1614" status="PASS">
          <reporter-output>
          </reporter-output>
        </test-method> <!-- loginWithValidUserNameAndValidPassword -->
      </class> <!-- com.orange.hrm.test.LoginTest -->
      <class name="com.orange.hrm.test.HomePageTest">
        <test-method signature="adminLink()[pri:0, instance:com.orange.hrm.test.HomePageTest@66d18979]" started-at="2025-01-05T16:57:52 EST" name="adminLink" finished-at="2025-01-05T16:57:53 EST" duration-ms="879" status="PASS">
          <reporter-output>
          </reporter-output>
        </test-method> <!-- adminLink -->
        <test-method signature="logout()[pri:0, instance:com.orange.hrm.test.HomePageTest@66d18979]" started-at="2025-01-05T16:57:53 EST" name="logout" finished-at="2025-01-05T16:57:54 EST" duration-ms="1039" status="PASS">
          <reporter-output>
          </reporter-output>
        </test-method> <!-- logout -->
      </class> <!-- com.orange.hrm.test.HomePageTest -->
    </test> <!-- Test -->
  </suite> <!-- Suite -->
</testng-results>
